2023-04-05 22:01:21 INF added hook hook=allow-all-auth
2023-04-05 22:01:21 INF added hook hook=bolt-db
2023-04-05 22:01:21 INF attached listener address=:1883 id=t1 protocol=tcp
2023-04-05 22:01:21 INF attached listener address=:8080 id=stats protocol=http
2023-04-05 22:01:21 INF mochi mqtt starting version=2.2.6
2023-04-05 22:01:21 INF mochi mqtt server started
2023-04-05 22:05:09 WRN caught signal, stopping...
2023-04-05 22:05:09 INF stopping hook hook=allow-all-auth
2023-04-05 22:05:09 INF stopping hook hook=bolt-db
2023-04-05 22:05:09 INF mochi mqtt server stopped
2023-04-05 22:05:09 INF main.go finished
=http
2023-04-05 22:02:53 INF mochi mqtt starting version=2.2.6
2023-04-05 22:02:53 INF mochi mqtt server started
2023-04-05 22:05:10 WRN caught signal, stopping...
2023-04-05 22:05:10 INF stopping hook hook=allow-all-auth
2023-04-05 22:05:10 INF stopping hook hook=bolt-db
2023-04-05 22:05:10 INF mochi mqtt server stopped
2023-04-05 22:05:10 INF main.go finished
2023-04-05 22:05:51 INF added hook hook=allow-all-auth
2023-04-05 22:05:51 INF added hook hook=bolt-db
2023-04-05 22:05:51 INF attached listener address=:1883 id=t1 protocol=tcp
2023-04-05 22:05:51 INF attached listener address=:8080 id=stats protocol=http
2023-04-05 22:05:51 INF mochi mqtt starting version=2.2.6
2023-04-05 22:05:52 INF mochi mqtt server started
2023-04-05 22:06:00 WRN caught signal, stopping...
2023-04-05 22:06:00 INF stopping hook hook=allow-all-auth
2023-04-05 22:06:00 INF stopping hook hook=bolt-db
2023-04-05 22:06:00 INF mochi mqtt server stopped
2023-04-05 22:06:00 INF main.go finished
2023-04-05 22:08:00 INF added hook hook=allow-all-auth
2023-04-05 22:08:00 INF added hook hook=bolt-db
2023-04-05 22:08:00 INF attached listener address=:1884 id=t1 protocol=tcp
2023-04-05 22:08:00 INF attached listener address=:8080 id=stats protocol=http
2023-04-05 22:08:00 INF mochi mqtt starting version=2.2.6
2023-04-05 22:08:01 INF mochi mqtt server started
2023-04-05 22:08:16 INF added hook hook=allow-all-auth
2023-04-05 22:08:16 INF added hook hook=bolt-db
2023-04-05 22:08:16 INF attached listener address=:1883 id=t1 protocol=tcp
2023-04-05 22:08:16 INF attached listener address=:8080 id=stats protocol=http
2023-04-05 22:08:16 INF mochi mqtt starting version=2.2.6
2023-04-05 22:08:16 INF mochi mqtt server started
2023-04-05 22:08:20 WRN caught signal, stopping...
2023-04-05 22:08:20 INF stopping hook hook=allow-all-auth
2023-04-05 22:08:20 INF stopping hook hook=bolt-db
2023-04-05 22:08:20 INF mochi mqtt server stopped
2023-04-05 22:08:20 INF main.go finished
2023-04-05 22:08:21 WRN caught signal, stopping...
2023-04-05 22:08:21 INF stopping hook hook=allow-all-auth
2023-04-05 22:08:21 INF stopping hook hook=bolt-db
2023-04-05 22:08:21 INF mochi mqtt server stopped
2023-04-05 22:08:21 INF main.go finished
2023-04-05 22:08:37 INF added hook hook=allow-all-auth
2023-04-05 22:08:37 INF added hook hook=bolt-db
2023-04-05 22:08:37 INF attached listener address=:1883 id=t1 protocol=tcp
2023-04-05 22:08:37 INF attached listener address=:8080 id=stats protocol=http
2023-04-05 22:08:37 INF mochi mqtt starting version=2.2.6
2023-04-05 22:08:37 INF mochi mqtt server started
2023-04-05 22:08:42 INF added hook hook=allow-all-auth
2023-04-05 22:08:42 INF added hook hook=bolt-db
2023-04-05 22:08:42 INF attached listener address=:1884 id=t1 protocol=tcp
2023-04-05 22:08:42 INF attached listener address=:8080 id=stats protocol=http
2023-04-05 22:08:42 INF mochi mqtt starting version=2.2.6
2023-04-05 22:08:42 INF mochi mqtt server started
2023-04-05 22:09:42 WRN caught signal, stopping...
2023-04-05 22:09:42 INF stopping hook hook=allow-all-auth
2023-04-05 22:09:42 INF stopping hook hook=bolt-db
2023-04-05 22:09:42 INF mochi mqtt server stopped
2023-04-05 22:09:42 INF main.go finished
2023-04-05 22:09:42 WRN caught signal, stopping...
2023-04-05 22:09:42 INF stopping hook hook=allow-all-auth
2023-04-05 22:09:42 INF stopping hook hook=bolt-db
2023-04-05 22:09:42 INF mochi mqtt server stopped
2023-04-05 22:09:42 INF main.go finished
2023-04-05 22:11:11 INF added hook hook=allow-all-auth
2023-04-05 22:11:11 INF added hook hook=bolt-db
2023-04-05 22:11:11 INF attached listener address=:1883 id=t1 protocol=tcp
2023-04-05 22:11:11 INF attached listener address=:8080 id=stats protocol=http
2023-04-05 22:11:11 INF mochi mqtt starting version=2.2.6
2023-04-05 22:11:11 INF mochi mqtt server started
2023-04-05 22:12:08 WRN caught signal, stopping...
2023-04-05 22:12:08 INF stopping hook hook=allow-all-auth
2023-04-05 22:12:08 INF stopping hook hook=bolt-db
2023-04-05 22:12:08 INF mochi mqtt server stopped
2023-04-05 22:12:08 INF main.go finished
2023-04-05 22:14:00 INF added hook hook=allow-all-auth
2023-04-05 22:14:00 INF added hook hook=bolt-db
2023-04-05 22:14:00 INF attached listener address=:1883 id=t1 protocol=tcp
2023-04-05 22:14:00 INF attached listener address=:8080 id=stats protocol=http
2023-04-05 22:14:00 INF mochi mqtt starting version=2.2.6
2023-04-05 22:14:00 INF mochi mqtt server started
2023-04-05 22:14:15 INF added hook hook=allow-all-auth
2023-04-05 22:14:15 INF added hook hook=bolt-db
2023-04-05 22:14:15 INF attached listener address=:1884 id=t1 protocol=tcp
2023-04-05 22:14:15 INF attached listener address=:8080 id=stats protocol=http
2023-04-05 22:14:15 INF mochi mqtt starting version=2.2.6
2023-04-05 22:14:15 INF mochi mqtt server started
2023-04-05 22:14:22 WRN caught signal, stopping...
2023-04-05 22:14:22 INF stopping hook hook=allow-all-auth
2023-04-05 22:14:22 INF stopping hook hook=bolt-db
2023-04-05 22:14:22 INF mochi mqtt server stopped
2023-04-05 22:14:22 INF main.go finished
2023-04-05 22:14:22 WRN caught signal, stopping...
2023-04-05 22:14:22 INF stopping hook hook=allow-all-auth
2023-04-05 22:14:22 INF stopping hook hook=bolt-db
2023-04-05 22:14:22 INF mochi mqtt server stopped
2023-04-05 22:14:22 INF main.go finished
2023-04-05 22:17:24 INF added hook hook=allow-all-auth
2023-04-05 22:17:24 INF added hook hook=bolt-db
2023-04-05 22:17:24 INF attached listener address=:1883 id=t1 protocol=tcp
2023-04-05 22:17:24 INF attached listener address=:8080 id=stats protocol=http
2023-04-05 22:17:24 INF mochi mqtt starting version=2.2.6
2023-04-05 22:17:25 INF mochi mqtt server started
2023-04-05 22:17:30 INF added hook hook=allow-all-auth
2023-04-05 22:17:30 INF added hook hook=bolt-db
2023-04-05 22:17:30 INF attached listener address=:1884 id=t1 protocol=tcp
2023-04-05 22:17:30 INF attached listener address=:8080 id=stats protocol=http
2023-04-05 22:17:30 INF mochi mqtt starting version=2.2.6
2023-04-05 22:17:30 INF mochi mqtt server started
2023-04-05 22:18:25 WRN caught signal, stopping...
2023-04-05 22:18:25 INF stopping hook hook=allow-all-auth
2023-04-05 22:18:25 INF stopping hook hook=bolt-db
2023-04-05 22:18:26 INF mochi mqtt server stopped
2023-04-05 22:18:26 INF main.go finished
2023-04-05 22:18:26 WRN caught signal, stopping...
2023-04-05 22:18:26 INF stopping hook hook=allow-all-auth
2023-04-05 22:18:26 INF stopping hook hook=bolt-db
2023-04-05 22:18:26 INF mochi mqtt server stopped
2023-04-05 22:18:26 INF main.go finished
2023-04-05 22:21:54 INF added hook hook=allow-all-auth
2023-04-05 22:21:54 INF added hook hook=bolt-db
2023-04-05 22:21:54 INF attached listener address=:1883 id=t1 protocol=tcp
2023-04-05 22:21:54 INF attached listener address=:8080 id=stats protocol=http
2023-04-05 22:21:54 INF mochi mqtt starting version=2.2.6
2023-04-05 22:21:54 INF mochi mqtt server started
2023-04-05 22:22:08 INF added hook hook=allow-all-auth
2023-04-05 22:22:08 INF added hook hook=bolt-db
2023-04-05 22:22:08 INF attached listener address=:1884 id=t1 protocol=tcp
2023-04-05 22:22:08 INF attached listener address=:8080 id=stats protocol=http
2023-04-05 22:22:08 INF mochi mqtt starting version=2.2.6
2023-04-05 22:22:08 INF mochi mqtt server started
2023-04-05 22:22:12 WRN caught signal, stopping...
2023-04-05 22:22:12 INF stopping hook hook=allow-all-auth
2023-04-05 22:22:12 INF stopping hook hook=bolt-db
2023-04-05 22:22:12 INF mochi mqtt server stopped
2023-04-05 22:22:12 INF main.go finished
2023-04-05 22:22:13 WRN caught signal, stopping...
2023-04-05 22:22:13 INF stopping hook hook=allow-all-auth
2023-04-05 22:22:13 INF stopping hook hook=bolt-db
2023-04-05 22:22:13 INF mochi mqtt server stopped
2023-04-05 22:22:13 INF main.go finished
2023-04-05 22:30:54 INF added hook hook=allow-all-auth
2023-04-05 22:30:54 INF added hook hook=bolt-db
2023-04-05 22:30:54 INF attached listener address=:1883 id=t1 protocol=tcp
2023-04-05 22:30:54 INF attached listener address=:8080 id=stats protocol=http
2023-04-05 22:30:54 INF mochi mqtt starting version=2.2.6
2023-04-05 22:30:55 INF mochi mqtt server started
2023-04-05 22:31:38 WRN caught signal, stopping...
2023-04-05 22:31:38 INF stopping hook hook=allow-all-auth
2023-04-05 22:31:38 INF stopping hook hook=bolt-db
2023-04-05 22:31:38 INF mochi mqtt server stopped
2023-04-05 22:31:38 INF main.go finished
2023-04-05 22:32:17 INF added hook hook=allow-all-auth
2023-04-05 22:32:17 INF added hook hook=bolt-db
2023-04-05 22:32:17 INF attached listener address=:1883 id=t1 protocol=tcp
2023-04-05 22:32:17 INF attached listener address=:8080 id=stats protocol=http
2023-04-05 22:32:17 INF mochi mqtt starting version=2.2.6
2023-04-05 22:32:18 INF mochi mqtt server started
2023-04-05 22:34:56 WRN caught signal, stopping...
2023-04-05 22:34:56 INF stopping hook hook=allow-all-auth
2023-04-05 22:34:56 INF stopping hook hook=bolt-db
2023-04-05 22:34:56 INF mochi mqtt server stopped
2023-04-05 22:34:56 INF main.go finished
2023-04-05 22:35:02 INF added hook hook=allow-all-auth
2023-04-05 22:35:02 INF added hook hook=bolt-db
2023-04-05 22:35:02 INF attached listener address=:1883 id=t1 protocol=tcp
2023-04-05 22:35:02 INF attached listener address=:8080 id=stats protocol=http
2023-04-05 22:35:02 INF mochi mqtt starting version=2.2.6
2023-04-05 22:35:02 INF mochi mqtt server started
2023-04-05 22:35:22 INF added hook hook=allow-all-auth
2023-04-05 22:35:22 INF added hook hook=bolt-db
2023-04-05 22:35:22 INF attached listener address=:1884 id=t1 protocol=tcp
2023-04-05 22:35:22 INF attached listener address=:8080 id=stats protocol=http
2023-04-05 22:35:22 INF mochi mqtt starting version=2.2.6
2023-04-05 22:35:22 INF mochi mqtt server started
2023-04-05 22:35:42 WRN caught signal, stopping...
2023-04-05 22:35:42 INF stopping hook hook=allow-all-auth
2023-04-05 22:35:42 INF stopping hook hook=bolt-db
2023-04-05 22:35:42 INF mochi mqtt server stopped
2023-04-05 22:35:42 INF main.go finished
2023-04-05 22:35:43 WRN caught signal, stopping...
2023-04-05 22:35:43 INF stopping hook hook=allow-all-auth
2023-04-05 22:35:43 INF stopping hook hook=bolt-db
2023-04-05 22:35:43 INF mochi mqtt server stopped
2023-04-05 22:35:43 INF main.go finished
